app/build/intermediates/manifest_merge_blame_file/debug/manifest-merger-blame-debug-report.txt
1<?xml version="1.0" encoding="utf-8"?>
2<manifest xmlns:android="http://schemas.android.com/apk/res/android"
3    package="com.example.arduinoserial"
4    android:versionCode="1"
5    android:versionName="1.0" >
6
7    <uses-sdk
8        android:minSdkVersion="23"
8-->src/main/AndroidManifest.xml
9        android:targetSdkVersion="30" />
9-->src/main/AndroidManifest.xml
10
11    <uses-permission android:name="android.permission.FOREGROUND_SERVICE" />
11-->src/main/AndroidManifest.xml:5:5-77
11-->src/main/AndroidManifest.xml:5:22-74
12    <uses-permission android:name="android.permission.ACCESS_FINE_LOCATION" />
12-->src/main/AndroidManifest.xml:6:5-79
12-->src/main/AndroidManifest.xml:6:22-76
13    <uses-permission android:name="android.permission.CAMERA" />
13-->src/main/AndroidManifest.xml:7:5-65
13-->src/main/AndroidManifest.xml:7:22-62
14    <uses-permission android:name="android.permission.WRITE_EXTERNAL_STORAGE" />
14-->src/main/AndroidManifest.xml:8:5-81
14-->src/main/AndroidManifest.xml:8:22-78
15    <uses-permission android:name="android.permission.USB_PERMISSION" />
15-->src/main/AndroidManifest.xml:9:5-73
15-->src/main/AndroidManifest.xml:9:22-70
16    <uses-permission android:name="android.permission.WAKE_LOCK" />
16-->src/main/AndroidManifest.xml:10:5-68
16-->src/main/AndroidManifest.xml:10:22-65
17
18    <uses-feature android:name="android.hardware.usb.host" />
18-->src/main/AndroidManifest.xml:12:5-62
18-->src/main/AndroidManifest.xml:12:19-59
19    <uses-feature android:name="android.hardware.location.gps" />
19-->src/main/AndroidManifest.xml:13:5-66
19-->src/main/AndroidManifest.xml:13:19-63
20
21    <application
21-->src/main/AndroidManifest.xml:15:5-50:19
22        android:appComponentFactory="android.support.v4.app.CoreComponentFactory"
22-->[com.android.support:support-compat:28.0.0] AndroidManifest.xml:22:18-91
23        android:debuggable="true"
24        android:extractNativeLibs="false"
25        android:icon="@drawable/ic_arduino"
25-->src/main/AndroidManifest.xml:16:9-44
26        android:label="@string/app_name" >
26-->src/main/AndroidManifest.xml:17:9-41
27        <service
27-->src/main/AndroidManifest.xml:18:9-76
28            android:name="com.example.arduinoserial.ArduinoService"
28-->src/main/AndroidManifest.xml:18:18-48
29            android:exported="false" />
29-->src/main/AndroidManifest.xml:18:49-73
30
31        <activity
31-->src/main/AndroidManifest.xml:19:9-43:20
32            android:name="com.example.arduinoserial.DeviceListActivity"
32-->src/main/AndroidManifest.xml:20:13-72
33            android:label="@string/app_name"
33-->src/main/AndroidManifest.xml:21:13-45
34            android:launchMode="singleTask"
34-->src/main/AndroidManifest.xml:23:13-44
35            android:theme="@android:style/Theme.Material" >
35-->src/main/AndroidManifest.xml:22:13-58
36            <intent-filter>
36-->src/main/AndroidManifest.xml:24:13-29:29
37                <action android:name="android.intent.action.MAIN" />
37-->src/main/AndroidManifest.xml:25:17-69
37-->src/main/AndroidManifest.xml:25:25-66
38
39                <category android:name="android.intent.category.DEFAULT" />
39-->src/main/AndroidManifest.xml:27:17-76
39-->src/main/AndroidManifest.xml:27:27-73
40                <category android:name="android.intent.category.LAUNCHER" />
40-->src/main/AndroidManifest.xml:28:17-77
40-->src/main/AndroidManifest.xml:28:27-74
41            </intent-filter>
42            <intent-filter>
42-->src/main/AndroidManifest.xml:30:13-35:29
43                <action android:name="android.intent.action.VIEW" />
43-->src/main/AndroidManifest.xml:31:17-69
43-->src/main/AndroidManifest.xml:31:25-66
44
45                <category android:name="android.intent.category.DEFAULT" />
45-->src/main/AndroidManifest.xml:27:17-76
45-->src/main/AndroidManifest.xml:27:27-73
46                <category android:name="android.intent.category.LAUNCHER" />
46-->src/main/AndroidManifest.xml:28:17-77
46-->src/main/AndroidManifest.xml:28:27-74
47            </intent-filter>
48            <intent-filter>
48-->src/main/AndroidManifest.xml:36:13-38:29
49                <action android:name="android.hardware.usb.action.USB_DEVICE_ATTACHED" />
49-->src/main/AndroidManifest.xml:37:17-90
49-->src/main/AndroidManifest.xml:37:25-87
50            </intent-filter>
51
52            <meta-data
52-->src/main/AndroidManifest.xml:40:13-42:57
53                android:name="android.hardware.usb.action.USB_DEVICE_ATTACHED"
53-->src/main/AndroidManifest.xml:41:17-79
54                android:resource="@xml/device_filter" />
54-->src/main/AndroidManifest.xml:42:17-54
55        </activity>
56        <activity
56-->src/main/AndroidManifest.xml:44:9-49:20
57            android:name="com.example.arduinoserial.SerialConsoleActivity"
57-->src/main/AndroidManifest.xml:45:13-75
58            android:label="@string/app_name"
58-->src/main/AndroidManifest.xml:46:13-45
59            android:launchMode="singleTask"
59-->src/main/AndroidManifest.xml:48:13-44
60            android:theme="@android:style/Theme.Material" >
60-->src/main/AndroidManifest.xml:47:13-58
61        </activity>
62    </application>
63
64</manifest>